<?xml version="1.0" encoding="UTF-8"?>
<testsuites><testsuite name="BackstopJS" tests="12"><testcase name=" ›› homepage" classname="body"/><testcase name=" ›› homepage" classname="body"/><testcase name=" ›› homepage" classname="body"/><testcase name=" ›› biographie-demarche-2" classname="body"/><testcase name=" ›› biographie-demarche-2" classname="body"/><testcase name=" ›› biographie-demarche-2" classname="body"/><testcase name=" ›› presse-2" classname="body"/><testcase name=" ›› presse-2" classname="body"/><testcase name=" ›› presse-2" classname="body"/><testcase name=" ›› publications" classname="body"/><testcase name=" ›› publications" classname="body"/><testcase name=" ›› publications" classname="body"/></testsuite></testsuites>