<?xml version="1.0" encoding="UTF-8"?>
<testsuites><testsuite name="BackstopJS" tests="24"><testcase name=" ›› residence-zocalo" classname="body"/><testcase name=" ›› residence-zocalo" classname="body"/><testcase name=" ›› residence-zocalo" classname="body"/><testcase name=" ›› metier-artiste-lenvers-du-decor-de-stanley-fevrier" classname="body"/><testcase name=" ›› metier-artiste-lenvers-du-decor-de-stanley-fevrier" classname="body"/><testcase name=" ›› metier-artiste-lenvers-du-decor-de-stanley-fevrier" classname="body"/><testcase name=" ›› metier-artiste-lenvers-du-decor-dandree-anne-dupuis-bourret" classname="body"/><testcase name=" ›› metier-artiste-lenvers-du-decor-dandree-anne-dupuis-bourret" classname="body"/><testcase name=" ›› metier-artiste-lenvers-du-decor-dandree-anne-dupuis-bourret" classname="body"/><testcase name=" ›› metier-artiste-lenvers-du-decor-de-julie-lequin" classname="body"/><testcase name=" ›› metier-artiste-lenvers-du-decor-de-julie-lequin" classname="body"/><testcase name=" ›› metier-artiste-lenvers-du-decor-de-julie-lequin" classname="body"/><testcase name=" ›› metier-artiste-lenvers-du-decor-de-patsy-van-roost" classname="body"/><testcase name=" ›› metier-artiste-lenvers-du-decor-de-patsy-van-roost" classname="body"/><testcase name=" ›› metier-artiste-lenvers-du-decor-de-patsy-van-roost" classname="body"/><testcase name=" ›› metier-artiste-lenvers-du-decor-demmanuel-galland" classname="body"/><testcase name=" ›› metier-artiste-lenvers-du-decor-demmanuel-galland" classname="body"/><testcase name=" ›› metier-artiste-lenvers-du-decor-demmanuel-galland" classname="body"/><testcase name=" ›› metier-artiste-lenvers-du-decor-dandreanne-gagnon" classname="body"/><testcase name=" ›› metier-artiste-lenvers-du-decor-dandreanne-gagnon" classname="body"/><testcase name=" ›› metier-artiste-lenvers-du-decor-dandreanne-gagnon" classname="body"/><testcase name=" ›› metier-artiste-lenvers-du-decor-de-cynthia-dinan-mithcell" classname="body"/><testcase name=" ›› metier-artiste-lenvers-du-decor-de-cynthia-dinan-mithcell" classname="body"/><testcase name=" ›› metier-artiste-lenvers-du-decor-de-cynthia-dinan-mithcell" classname="body"/></testsuite></testsuites>