<?xml version="1.0" encoding="UTF-8"?>
<testsuites><testsuite name="BackstopJS" tests="39"><testcase name=" ›› livres-artiste" classname="body"/><testcase name=" ›› livres-artiste" classname="body"/><testcase name=" ›› livres-artiste" classname="body"/><testcase name=" ›› series-liens-sacres-portraits-de-femmes" classname="body"/><testcase name=" ›› series-liens-sacres-portraits-de-femmes" classname="body"/><testcase name=" ›› series-liens-sacres-portraits-de-femmes" classname="body"/><testcase name=" ›› livre-maskipeche" classname="body"/><testcase name=" ›› livre-maskipeche" classname="body"/><testcase name=" ›› livre-maskipeche" classname="body"/><testcase name=" ›› serie-formes" classname="body"/><testcase name=" ›› serie-formes" classname="body"/><testcase name=" ›› serie-formes" classname="body"/><testcase name=" ›› convergence-disloquee" classname="body"/><testcase name=" ›› convergence-disloquee" classname="body"/><testcase name=" ›› convergence-disloquee" classname="body"/><testcase name=" ›› projects" classname="body"/><testcase name=" ›› projects" classname="body"/><testcase name=" ›› projects" classname="body"/><testcase name=" ›› liens-sacres-portraits-de-femmes" classname="body"/><testcase name=" ›› liens-sacres-portraits-de-femmes" classname="body"/><testcase name=" ›› liens-sacres-portraits-de-femmes" classname="body"/><testcase name=" ›› peintures-production-2010-2015" classname="body"/><testcase name=" ›› peintures-production-2010-2015" classname="body"/><testcase name=" ›› peintures-production-2010-2015" classname="body"/><testcase name=" ›› peintures-production-2015-2016" classname="body"/><testcase name=" ›› peintures-production-2015-2016" classname="body"/><testcase name=" ›› peintures-production-2015-2016" classname="body"/><testcase name=" ›› le-corps-pictural" classname="body"/><testcase name=" ›› le-corps-pictural" classname="body"/><testcase name=" ›› le-corps-pictural" classname="body"/><testcase name=" ›› lebestiaire" classname="body"/><testcase name=" ›› lebestiaire" classname="body"/><testcase name=" ›› lebestiaire" classname="body"/><testcase name=" ›› portraits-de-femmes-liens-sacres" classname="body"/><testcase name=" ›› portraits-de-femmes-liens-sacres" classname="body"/><testcase name=" ›› portraits-de-femmes-liens-sacres" classname="body"/><testcase name=" ›› extase-a-emporter" classname="body"/><testcase name=" ›› extase-a-emporter" classname="body"/><testcase name=" ›› extase-a-emporter" classname="body"/></testsuite></testsuites>